<?xml version="1.0" encoding="UTF-8"?>
<testng-results ignored="0" total="1" passed="1" failed="0" skipped="0">
  <reporter-output>
    <line>
      <![CDATA[Step1:Browser launched success...!!]]>
    </line>
    <line>
      <![CDATA[Step2:Navigated to the address  success...!!]]>
    </line>
    <line>
      <![CDATA[Step3:login successful...!!]]>
    </line>
    <line>
      <![CDATA[AddingProductToTheCart]]>
    </line>
    <line>
      <![CDATA[Step4:logout Success]]>
    </line>
    <line>
      <![CDATA[Step5:Closed successfully]]>
    </line>
  </reporter-output>
  <suite started-at="2025-05-09T12:01:22 IST" name="Default suite" finished-at="2025-05-09T12:01:42 IST" duration-ms="19446">
    <groups>
    </groups>
    <test started-at="2025-05-09T12:01:22 IST" name="Default test" finished-at="2025-05-09T12:01:42 IST" duration-ms="19446">
      <class name="dummyTestPackage1.AddingProductTest">
        <test-method is-config="true" signature="browserSetup()[pri:0, instance:dummyTestPackage1.AddingProductTest@2e6a8155]" started-at="2025-05-09T12:01:22 IST" name="browserSetup" finished-at="2025-05-09T12:01:31 IST" duration-ms="8389" status="PASS">
          <reporter-output>
            <line>
              <![CDATA[Step1:Browser launched success...!!]]>
            </line>
            <line>
              <![CDATA[Step2:Navigated to the address  success...!!]]>
            </line>
          </reporter-output>
        </test-method> <!-- browserSetup -->
        <test-method is-config="true" signature="login()[pri:0, instance:dummyTestPackage1.AddingProductTest@2e6a8155]" started-at="2025-05-09T12:01:31 IST" name="login" finished-at="2025-05-09T12:01:38 IST" duration-ms="7608" status="PASS">
          <reporter-output>
            <line>
              <![CDATA[Step3:login successful...!!]]>
            </line>
          </reporter-output>
        </test-method> <!-- login -->
        <test-method signature="AddingProductToTheCart()[pri:0, instance:dummyTestPackage1.AddingProductTest@2e6a8155]" started-at="2025-05-09T12:01:38 IST" name="AddingProductToTheCart" finished-at="2025-05-09T12:01:38 IST" duration-ms="22" status="PASS">
          <reporter-output>
            <line>
              <![CDATA[AddingProductToTheCart]]>
            </line>
          </reporter-output>
        </test-method> <!-- AddingProductToTheCart -->
        <test-method is-config="true" signature="logout()[pri:0, instance:dummyTestPackage1.AddingProductTest@2e6a8155]" started-at="2025-05-09T12:01:38 IST" name="logout" finished-at="2025-05-09T12:01:41 IST" duration-ms="2570" status="PASS">
          <reporter-output>
            <line>
              <![CDATA[Step4:logout Success]]>
            </line>
          </reporter-output>
        </test-method> <!-- logout -->
        <test-method is-config="true" signature="close()[pri:0, instance:dummyTestPackage1.AddingProductTest@2e6a8155]" started-at="2025-05-09T12:01:41 IST" name="close" finished-at="2025-05-09T12:01:42 IST" duration-ms="710" status="PASS">
          <reporter-output>
            <line>
              <![CDATA[Step5:Closed successfully]]>
            </line>
          </reporter-output>
        </test-method> <!-- close -->
      </class> <!-- dummyTestPackage1.AddingProductTest -->
    </test> <!-- Default test -->
  </suite> <!-- Default suite -->
</testng-results>
